The system is: Linux - 2.6.32-642.4.2.el6.x86_64 - x86_64
Compiling the C compiler identification source file "CMakeCCompilerId.c" succeeded.
Compiler: /home/yb/software/sys/GCC/gcc_5.4/bin/gcc 
Build flags: 
Id flags: 

The output was:
0


Compilation of the C compiler identification source "CMakeCCompilerId.c" produced "a.out"

The C compiler identification is GNU, found in "/home/yb/work/geant4/model/build/CMakeFiles/3.5.0/CompilerIdC/a.out"

Compiling the CXX compiler identification source file "CMakeCXXCompilerId.cpp" succeeded.
Compiler: /home/yb/software/sys/GCC/gcc_5.4/bin/c++ 
Build flags: 
Id flags: 

The output was:
0


Compilation of the CXX compiler identification source "CMakeCXXCompilerId.cpp" produced "a.out"

The CXX compiler identification is GNU, found in "/home/yb/work/geant4/model/build/CMakeFiles/3.5.0/CompilerIdCXX/a.out"

Determining if the C compiler works passed with the following output:
Change Dir: /home/yb/work/geant4/model/build/CMakeFiles/CMakeTmp

Run Build Command:"/usr/bin/gmake" "cmTC_b3bdb/fast"
/usr/bin/gmake -f CMakeFiles/cmTC_b3bdb.dir/build.make CMakeFiles/cmTC_b3bdb.dir/build
gmake[1]: Entering directory `/home/yb/work/geant4/model/build/CMakeFiles/CMakeTmp'
Building C object CMakeFiles/cmTC_b3bdb.dir/testCCompiler.c.o
/home/yb/software/sys/GCC/gcc_5.4/bin/gcc     -o CMakeFiles/cmTC_b3bdb.dir/testCCompiler.c.o   -c /home/yb/work/geant4/model/build/CMakeFiles/CMakeTmp/testCCompiler.c
Linking C executable cmTC_b3bdb
/usr/local/bin/cmake -E cmake_link_script CMakeFiles/cmTC_b3bdb.dir/link.txt --verbose=1
/home/yb/software/sys/GCC/gcc_5.4/bin/gcc       CMakeFiles/cmTC_b3bdb.dir/testCCompiler.c.o  -o cmTC_b3bdb -rdynamic 
gmake[1]: Leaving directory `/home/yb/work/geant4/model/build/CMakeFiles/CMakeTmp'


Detecting C compiler ABI info compiled with the following output:
Change Dir: /home/yb/work/geant4/model/build/CMakeFiles/CMakeTmp

Run Build Command:"/usr/bin/gmake" "cmTC_05570/fast"
/usr/bin/gmake -f CMakeFiles/cmTC_05570.dir/build.make CMakeFiles/cmTC_05570.dir/build
gmake[1]: Entering directory `/home/yb/work/geant4/model/build/CMakeFiles/CMakeTmp'
Building C object CMakeFiles/cmTC_05570.dir/CMakeCCompilerABI.c.o
/home/yb/software/sys/GCC/gcc_5.4/bin/gcc     -o CMakeFiles/cmTC_05570.dir/CMakeCCompilerABI.c.o   -c /usr/local/share/cmake-3.5/Modules/CMakeCCompilerABI.c
Linking C executable cmTC_05570
/usr/local/bin/cmake -E cmake_link_script CMakeFiles/cmTC_05570.dir/link.txt --verbose=1
/home/yb/software/sys/GCC/gcc_5.4/bin/gcc      -v CMakeFiles/cmTC_05570.dir/CMakeCCompilerABI.c.o  -o cmTC_05570 -rdynamic  
Using built-in specs.
COLLECT_GCC=/home/yb/software/sys/GCC/gcc_5.4/bin/gcc
COLLECT_LTO_WRAPPER=/home/yb/software/sys/GCC/gcc_5.4/libexec/gcc/x86_64-unknown-linux-gnu/5.4.0/lto-wrapper
Target: x86_64-unknown-linux-gnu
Configured with: ../gcc_source/configure --prefix=/home/yb/software/sys/GCC/gcc_5.4 --enable-threads=posix --disable-checking --disable-multilib --enable-languages=c,c++ --with-gmp=/home/yb/software/sys/GMP/gmp6.1 --with-mpfr=/home/yb/software/sys/MPFR/mpfr3.1 --with-mpc=/home/yb/software/sys/MPC/mpc1.0
Thread model: posix
gcc version 5.4.0 (GCC) 
COMPILER_PATH=/home/yb/software/sys/GCC/gcc_5.4/libexec/gcc/x86_64-unknown-linux-gnu/5.4.0/:/home/yb/software/sys/GCC/gcc_5.4/libexec/gcc/x86_64-unknown-linux-gnu/5.4.0/:/home/yb/software/sys/GCC/gcc_5.4/libexec/gcc/x86_64-unknown-linux-gnu/:/home/yb/software/sys/GCC/gcc_5.4/lib/gcc/x86_64-unknown-linux-gnu/5.4.0/:/home/yb/software/sys/GCC/gcc_5.4/lib/gcc/x86_64-unknown-linux-gnu/
LIBRARY_PATH=/home/yb/software/sys/GCC/gcc_5.4/lib/gcc/x86_64-unknown-linux-gnu/5.4.0/:/home/yb/software/sys/GCC/gcc_5.4/lib/gcc/x86_64-unknown-linux-gnu/5.4.0/../../../../lib64/:/lib/../lib64/:/usr/lib/../lib64/:/home/yb/software/sys/GCC/gcc_5.4/lib/gcc/x86_64-unknown-linux-gnu/5.4.0/../../../:/lib/:/usr/lib/
COLLECT_GCC_OPTIONS='-v' '-o' 'cmTC_05570' '-rdynamic' '-mtune=generic' '-march=x86-64'
 /home/yb/software/sys/GCC/gcc_5.4/libexec/gcc/x86_64-unknown-linux-gnu/5.4.0/collect2 --eh-frame-hdr -m elf_x86_64 -export-dynamic -dynamic-linker /lib64/ld-linux-x86-64.so.2 -o cmTC_05570 /usr/lib/../lib64/crt1.o /usr/lib/../lib64/crti.o /home/yb/software/sys/GCC/gcc_5.4/lib/gcc/x86_64-unknown-linux-gnu/5.4.0/crtbegin.o -L/home/yb/software/sys/GCC/gcc_5.4/lib/gcc/x86_64-unknown-linux-gnu/5.4.0 -L/home/yb/software/sys/GCC/gcc_5.4/lib/gcc/x86_64-unknown-linux-gnu/5.4.0/../../../../lib64 -L/lib/../lib64 -L/usr/lib/../lib64 -L/home/yb/software/sys/GCC/gcc_5.4/lib/gcc/x86_64-unknown-linux-gnu/5.4.0/../../.. CMakeFiles/cmTC_05570.dir/CMakeCCompilerABI.c.o -lgcc --as-needed -lgcc_s --no-as-needed -lc -lgcc --as-needed -lgcc_s --no-as-needed /home/yb/software/sys/GCC/gcc_5.4/lib/gcc/x86_64-unknown-linux-gnu/5.4.0/crtend.o /usr/lib/../lib64/crtn.o
gmake[1]: Leaving directory `/home/yb/work/geant4/model/build/CMakeFiles/CMakeTmp'


Parsed C implicit link information from above output:
  link line regex: [^( *|.*[/\])(ld|([^/\]+-)?ld|collect2)[^/\]*( |$)]
  ignore line: [Change Dir: /home/yb/work/geant4/model/build/CMakeFiles/CMakeTmp]
  ignore line: []
  ignore line: [Run Build Command:"/usr/bin/gmake" "cmTC_05570/fast"]
  ignore line: [/usr/bin/gmake -f CMakeFiles/cmTC_05570.dir/build.make CMakeFiles/cmTC_05570.dir/build]
  ignore line: [gmake[1]: Entering directory `/home/yb/work/geant4/model/build/CMakeFiles/CMakeTmp']
  ignore line: [Building C object CMakeFiles/cmTC_05570.dir/CMakeCCompilerABI.c.o]
  ignore line: [/home/yb/software/sys/GCC/gcc_5.4/bin/gcc     -o CMakeFiles/cmTC_05570.dir/CMakeCCompilerABI.c.o   -c /usr/local/share/cmake-3.5/Modules/CMakeCCompilerABI.c]
  ignore line: [Linking C executable cmTC_05570]
  ignore line: [/usr/local/bin/cmake -E cmake_link_script CMakeFiles/cmTC_05570.dir/link.txt --verbose=1]
  ignore line: [/home/yb/software/sys/GCC/gcc_5.4/bin/gcc      -v CMakeFiles/cmTC_05570.dir/CMakeCCompilerABI.c.o  -o cmTC_05570 -rdynamic  ]
  ignore line: [Using built-in specs.]
  ignore line: [COLLECT_GCC=/home/yb/software/sys/GCC/gcc_5.4/bin/gcc]
  ignore line: [COLLECT_LTO_WRAPPER=/home/yb/software/sys/GCC/gcc_5.4/libexec/gcc/x86_64-unknown-linux-gnu/5.4.0/lto-wrapper]
  ignore line: [Target: x86_64-unknown-linux-gnu]
  ignore line: [Configured with: ../gcc_source/configure --prefix=/home/yb/software/sys/GCC/gcc_5.4 --enable-threads=posix --disable-checking --disable-multilib --enable-languages=c,c++ --with-gmp=/home/yb/software/sys/GMP/gmp6.1 --with-mpfr=/home/yb/software/sys/MPFR/mpfr3.1 --with-mpc=/home/yb/software/sys/MPC/mpc1.0]
  ignore line: [Thread model: posix]
  ignore line: [gcc version 5.4.0 (GCC) ]
  ignore line: [COMPILER_PATH=/home/yb/software/sys/GCC/gcc_5.4/libexec/gcc/x86_64-unknown-linux-gnu/5.4.0/:/home/yb/software/sys/GCC/gcc_5.4/libexec/gcc/x86_64-unknown-linux-gnu/5.4.0/:/home/yb/software/sys/GCC/gcc_5.4/libexec/gcc/x86_64-unknown-linux-gnu/:/home/yb/software/sys/GCC/gcc_5.4/lib/gcc/x86_64-unknown-linux-gnu/5.4.0/:/home/yb/software/sys/GCC/gcc_5.4/lib/gcc/x86_64-unknown-linux-gnu/]
  ignore line: [LIBRARY_PATH=/home/yb/software/sys/GCC/gcc_5.4/lib/gcc/x86_64-unknown-linux-gnu/5.4.0/:/home/yb/software/sys/GCC/gcc_5.4/lib/gcc/x86_64-unknown-linux-gnu/5.4.0/../../../../lib64/:/lib/../lib64/:/usr/lib/../lib64/:/home/yb/software/sys/GCC/gcc_5.4/lib/gcc/x86_64-unknown-linux-gnu/5.4.0/../../../:/lib/:/usr/lib/]
  ignore line: [COLLECT_GCC_OPTIONS='-v' '-o' 'cmTC_05570' '-rdynamic' '-mtune=generic' '-march=x86-64']
  link line: [ /home/yb/software/sys/GCC/gcc_5.4/libexec/gcc/x86_64-unknown-linux-gnu/5.4.0/collect2 --eh-frame-hdr -m elf_x86_64 -export-dynamic -dynamic-linker /lib64/ld-linux-x86-64.so.2 -o cmTC_05570 /usr/lib/../lib64/crt1.o /usr/lib/../lib64/crti.o /home/yb/software/sys/GCC/gcc_5.4/lib/gcc/x86_64-unknown-linux-gnu/5.4.0/crtbegin.o -L/home/yb/software/sys/GCC/gcc_5.4/lib/gcc/x86_64-unknown-linux-gnu/5.4.0 -L/home/yb/software/sys/GCC/gcc_5.4/lib/gcc/x86_64-unknown-linux-gnu/5.4.0/../../../../lib64 -L/lib/../lib64 -L/usr/lib/../lib64 -L/home/yb/software/sys/GCC/gcc_5.4/lib/gcc/x86_64-unknown-linux-gnu/5.4.0/../../.. CMakeFiles/cmTC_05570.dir/CMakeCCompilerABI.c.o -lgcc --as-needed -lgcc_s --no-as-needed -lc -lgcc --as-needed -lgcc_s --no-as-needed /home/yb/software/sys/GCC/gcc_5.4/lib/gcc/x86_64-unknown-linux-gnu/5.4.0/crtend.o /usr/lib/../lib64/crtn.o]
    arg [/home/yb/software/sys/GCC/gcc_5.4/libexec/gcc/x86_64-unknown-linux-gnu/5.4.0/collect2] ==> ignore
    arg [--eh-frame-hdr] ==> ignore
    arg [-m] ==> ignore
    arg [elf_x86_64] ==> ignore
    arg [-export-dynamic] ==> ignore
    arg [-dynamic-linker] ==> ignore
    arg [/lib64/ld-linux-x86-64.so.2] ==> ignore
    arg [-o] ==> ignore
    arg [cmTC_05570] ==> ignore
    arg [/usr/lib/../lib64/crt1.o] ==> ignore
    arg [/usr/lib/../lib64/crti.o] ==> ignore
    arg [/home/yb/software/sys/GCC/gcc_5.4/lib/gcc/x86_64-unknown-linux-gnu/5.4.0/crtbegin.o] ==> ignore
    arg [-L/home/yb/software/sys/GCC/gcc_5.4/lib/gcc/x86_64-unknown-linux-gnu/5.4.0] ==> dir [/home/yb/software/sys/GCC/gcc_5.4/lib/gcc/x86_64-unknown-linux-gnu/5.4.0]
    arg [-L/home/yb/software/sys/GCC/gcc_5.4/lib/gcc/x86_64-unknown-linux-gnu/5.4.0/../../../../lib64] ==> dir [/home/yb/software/sys/GCC/gcc_5.4/lib/gcc/x86_64-unknown-linux-gnu/5.4.0/../../../../lib64]
    arg [-L/lib/../lib64] ==> dir [/lib/../lib64]
    arg [-L/usr/lib/../lib64] ==> dir [/usr/lib/../lib64]
    arg [-L/home/yb/software/sys/GCC/gcc_5.4/lib/gcc/x86_64-unknown-linux-gnu/5.4.0/../../..] ==> dir [/home/yb/software/sys/GCC/gcc_5.4/lib/gcc/x86_64-unknown-linux-gnu/5.4.0/../../..]
    arg [CMakeFiles/cmTC_05570.dir/CMakeCCompilerABI.c.o] ==> ignore
    arg [-lgcc] ==> lib [gcc]
    arg [--as-needed] ==> ignore
    arg [-lgcc_s] ==> lib [gcc_s]
    arg [--no-as-needed] ==> ignore
    arg [-lc] ==> lib [c]
    arg [-lgcc] ==> lib [gcc]
    arg [--as-needed] ==> ignore
    arg [-lgcc_s] ==> lib [gcc_s]
    arg [--no-as-needed] ==> ignore
    arg [/home/yb/software/sys/GCC/gcc_5.4/lib/gcc/x86_64-unknown-linux-gnu/5.4.0/crtend.o] ==> ignore
    arg [/usr/lib/../lib64/crtn.o] ==> ignore
  remove lib [gcc]
  remove lib [gcc_s]
  remove lib [gcc]
  remove lib [gcc_s]
  collapse library dir [/home/yb/software/sys/GCC/gcc_5.4/lib/gcc/x86_64-unknown-linux-gnu/5.4.0] ==> [/home/yb/software/sys/GCC/gcc_5.4/lib/gcc/x86_64-unknown-linux-gnu/5.4.0]
  collapse library dir [/home/yb/software/sys/GCC/gcc_5.4/lib/gcc/x86_64-unknown-linux-gnu/5.4.0/../../../../lib64] ==> [/home/yb/software/sys/GCC/gcc_5.4/lib64]
  collapse library dir [/lib/../lib64] ==> [/lib64]
  collapse library dir [/usr/lib/../lib64] ==> [/usr/lib64]
  collapse library dir [/home/yb/software/sys/GCC/gcc_5.4/lib/gcc/x86_64-unknown-linux-gnu/5.4.0/../../..] ==> [/home/yb/software/sys/GCC/gcc_5.4/lib]
  implicit libs: [c]
  implicit dirs: [/home/yb/software/sys/GCC/gcc_5.4/lib/gcc/x86_64-unknown-linux-gnu/5.4.0;/home/yb/software/sys/GCC/gcc_5.4/lib64;/lib64;/usr/lib64;/home/yb/software/sys/GCC/gcc_5.4/lib]
  implicit fwks: []




Detecting C [-std=c11] compiler features compiled with the following output:
Change Dir: /home/yb/work/geant4/model/build/CMakeFiles/CMakeTmp

Run Build Command:"/usr/bin/gmake" "cmTC_ffa84/fast"
/usr/bin/gmake -f CMakeFiles/cmTC_ffa84.dir/build.make CMakeFiles/cmTC_ffa84.dir/build
gmake[1]: Entering directory `/home/yb/work/geant4/model/build/CMakeFiles/CMakeTmp'
Building C object CMakeFiles/cmTC_ffa84.dir/feature_tests.c.o
/home/yb/software/sys/GCC/gcc_5.4/bin/gcc    -std=c11 -o CMakeFiles/cmTC_ffa84.dir/feature_tests.c.o   -c /home/yb/work/geant4/model/build/CMakeFiles/feature_tests.c
Linking C executable cmTC_ffa84
/usr/local/bin/cmake -E cmake_link_script CMakeFiles/cmTC_ffa84.dir/link.txt --verbose=1
/home/yb/software/sys/GCC/gcc_5.4/bin/gcc       CMakeFiles/cmTC_ffa84.dir/feature_tests.c.o  -o cmTC_ffa84 -rdynamic 
gmake[1]: Leaving directory `/home/yb/work/geant4/model/build/CMakeFiles/CMakeTmp'


    Feature record: C_FEATURE:1c_function_prototypes
    Feature record: C_FEATURE:1c_restrict
    Feature record: C_FEATURE:1c_static_assert
    Feature record: C_FEATURE:1c_variadic_macros


Detecting C [-std=c99] compiler features compiled with the following output:
Change Dir: /home/yb/work/geant4/model/build/CMakeFiles/CMakeTmp

Run Build Command:"/usr/bin/gmake" "cmTC_c9186/fast"
/usr/bin/gmake -f CMakeFiles/cmTC_c9186.dir/build.make CMakeFiles/cmTC_c9186.dir/build
gmake[1]: Entering directory `/home/yb/work/geant4/model/build/CMakeFiles/CMakeTmp'
Building C object CMakeFiles/cmTC_c9186.dir/feature_tests.c.o
/home/yb/software/sys/GCC/gcc_5.4/bin/gcc    -std=c99 -o CMakeFiles/cmTC_c9186.dir/feature_tests.c.o   -c /home/yb/work/geant4/model/build/CMakeFiles/feature_tests.c
Linking C executable cmTC_c9186
/usr/local/bin/cmake -E cmake_link_script CMakeFiles/cmTC_c9186.dir/link.txt --verbose=1
/home/yb/software/sys/GCC/gcc_5.4/bin/gcc       CMakeFiles/cmTC_c9186.dir/feature_tests.c.o  -o cmTC_c9186 -rdynamic 
gmake[1]: Leaving directory `/home/yb/work/geant4/model/build/CMakeFiles/CMakeTmp'


    Feature record: C_FEATURE:1c_function_prototypes
    Feature record: C_FEATURE:1c_restrict
    Feature record: C_FEATURE:0c_static_assert
    Feature record: C_FEATURE:1c_variadic_macros


Detecting C [-std=c90] compiler features compiled with the following output:
Change Dir: /home/yb/work/geant4/model/build/CMakeFiles/CMakeTmp

Run Build Command:"/usr/bin/gmake" "cmTC_74ab1/fast"
/usr/bin/gmake -f CMakeFiles/cmTC_74ab1.dir/build.make CMakeFiles/cmTC_74ab1.dir/build
gmake[1]: Entering directory `/home/yb/work/geant4/model/build/CMakeFiles/CMakeTmp'
Building C object CMakeFiles/cmTC_74ab1.dir/feature_tests.c.o
/home/yb/software/sys/GCC/gcc_5.4/bin/gcc    -std=c90 -o CMakeFiles/cmTC_74ab1.dir/feature_tests.c.o   -c /home/yb/work/geant4/model/build/CMakeFiles/feature_tests.c
Linking C executable cmTC_74ab1
/usr/local/bin/cmake -E cmake_link_script CMakeFiles/cmTC_74ab1.dir/link.txt --verbose=1
/home/yb/software/sys/GCC/gcc_5.4/bin/gcc       CMakeFiles/cmTC_74ab1.dir/feature_tests.c.o  -o cmTC_74ab1 -rdynamic 
gmake[1]: Leaving directory `/home/yb/work/geant4/model/build/CMakeFiles/CMakeTmp'


    Feature record: C_FEATURE:1c_function_prototypes
    Feature record: C_FEATURE:0c_restrict
    Feature record: C_FEATURE:0c_static_assert
    Feature record: C_FEATURE:0c_variadic_macros
Determining if the CXX compiler works passed with the following output:
Change Dir: /home/yb/work/geant4/model/build/CMakeFiles/CMakeTmp

Run Build Command:"/usr/bin/gmake" "cmTC_2c4b8/fast"
/usr/bin/gmake -f CMakeFiles/cmTC_2c4b8.dir/build.make CMakeFiles/cmTC_2c4b8.dir/build
gmake[1]: Entering directory `/home/yb/work/geant4/model/build/CMakeFiles/CMakeTmp'
Building CXX object CMakeFiles/cmTC_2c4b8.dir/testCXXCompiler.cxx.o
/home/yb/software/sys/GCC/gcc_5.4/bin/c++      -o CMakeFiles/cmTC_2c4b8.dir/testCXXCompiler.cxx.o -c /home/yb/work/geant4/model/build/CMakeFiles/CMakeTmp/testCXXCompiler.cxx
Linking CXX executable cmTC_2c4b8
/usr/local/bin/cmake -E cmake_link_script CMakeFiles/cmTC_2c4b8.dir/link.txt --verbose=1
/home/yb/software/sys/GCC/gcc_5.4/bin/c++        CMakeFiles/cmTC_2c4b8.dir/testCXXCompiler.cxx.o  -o cmTC_2c4b8 -rdynamic 
gmake[1]: Leaving directory `/home/yb/work/geant4/model/build/CMakeFiles/CMakeTmp'


Detecting CXX compiler ABI info compiled with the following output:
Change Dir: /home/yb/work/geant4/model/build/CMakeFiles/CMakeTmp

Run Build Command:"/usr/bin/gmake" "cmTC_022da/fast"
/usr/bin/gmake -f CMakeFiles/cmTC_022da.dir/build.make CMakeFiles/cmTC_022da.dir/build
gmake[1]: Entering directory `/home/yb/work/geant4/model/build/CMakeFiles/CMakeTmp'
Building CXX object CMakeFiles/cmTC_022da.dir/CMakeCXXCompilerABI.cpp.o
/home/yb/software/sys/GCC/gcc_5.4/bin/c++      -o CMakeFiles/cmTC_022da.dir/CMakeCXXCompilerABI.cpp.o -c /usr/local/share/cmake-3.5/Modules/CMakeCXXCompilerABI.cpp
Linking CXX executable cmTC_022da
/usr/local/bin/cmake -E cmake_link_script CMakeFiles/cmTC_022da.dir/link.txt --verbose=1
/home/yb/software/sys/GCC/gcc_5.4/bin/c++       -v CMakeFiles/cmTC_022da.dir/CMakeCXXCompilerABI.cpp.o  -o cmTC_022da -rdynamic  
Using built-in specs.
COLLECT_GCC=/home/yb/software/sys/GCC/gcc_5.4/bin/c++
COLLECT_LTO_WRAPPER=/home/yb/software/sys/GCC/gcc_5.4/libexec/gcc/x86_64-unknown-linux-gnu/5.4.0/lto-wrapper
Target: x86_64-unknown-linux-gnu
Configured with: ../gcc_source/configure --prefix=/home/yb/software/sys/GCC/gcc_5.4 --enable-threads=posix --disable-checking --disable-multilib --enable-languages=c,c++ --with-gmp=/home/yb/software/sys/GMP/gmp6.1 --with-mpfr=/home/yb/software/sys/MPFR/mpfr3.1 --with-mpc=/home/yb/software/sys/MPC/mpc1.0
Thread model: posix
gcc version 5.4.0 (GCC) 
COMPILER_PATH=/home/yb/software/sys/GCC/gcc_5.4/libexec/gcc/x86_64-unknown-linux-gnu/5.4.0/:/home/yb/software/sys/GCC/gcc_5.4/libexec/gcc/x86_64-unknown-linux-gnu/5.4.0/:/home/yb/software/sys/GCC/gcc_5.4/libexec/gcc/x86_64-unknown-linux-gnu/:/home/yb/software/sys/GCC/gcc_5.4/lib/gcc/x86_64-unknown-linux-gnu/5.4.0/:/home/yb/software/sys/GCC/gcc_5.4/lib/gcc/x86_64-unknown-linux-gnu/
LIBRARY_PATH=/home/yb/software/sys/GCC/gcc_5.4/lib/gcc/x86_64-unknown-linux-gnu/5.4.0/:/home/yb/software/sys/GCC/gcc_5.4/lib/gcc/x86_64-unknown-linux-gnu/5.4.0/../../../../lib64/:/lib/../lib64/:/usr/lib/../lib64/:/home/yb/software/sys/GCC/gcc_5.4/lib/gcc/x86_64-unknown-linux-gnu/5.4.0/../../../:/lib/:/usr/lib/
COLLECT_GCC_OPTIONS='-v' '-o' 'cmTC_022da' '-rdynamic' '-shared-libgcc' '-mtune=generic' '-march=x86-64'
 /home/yb/software/sys/GCC/gcc_5.4/libexec/gcc/x86_64-unknown-linux-gnu/5.4.0/collect2 --eh-frame-hdr -m elf_x86_64 -export-dynamic -dynamic-linker /lib64/ld-linux-x86-64.so.2 -o cmTC_022da /usr/lib/../lib64/crt1.o /usr/lib/../lib64/crti.o /home/yb/software/sys/GCC/gcc_5.4/lib/gcc/x86_64-unknown-linux-gnu/5.4.0/crtbegin.o -L/home/yb/software/sys/GCC/gcc_5.4/lib/gcc/x86_64-unknown-linux-gnu/5.4.0 -L/home/yb/software/sys/GCC/gcc_5.4/lib/gcc/x86_64-unknown-linux-gnu/5.4.0/../../../../lib64 -L/lib/../lib64 -L/usr/lib/../lib64 -L/home/yb/software/sys/GCC/gcc_5.4/lib/gcc/x86_64-unknown-linux-gnu/5.4.0/../../.. CMakeFiles/cmTC_022da.dir/CMakeCXXCompilerABI.cpp.o -lstdc++ -lm -lgcc_s -lgcc -lc -lgcc_s -lgcc /home/yb/software/sys/GCC/gcc_5.4/lib/gcc/x86_64-unknown-linux-gnu/5.4.0/crtend.o /usr/lib/../lib64/crtn.o
gmake[1]: Leaving directory `/home/yb/work/geant4/model/build/CMakeFiles/CMakeTmp'


Parsed CXX implicit link information from above output:
  link line regex: [^( *|.*[/\])(ld|([^/\]+-)?ld|collect2)[^/\]*( |$)]
  ignore line: [Change Dir: /home/yb/work/geant4/model/build/CMakeFiles/CMakeTmp]
  ignore line: []
  ignore line: [Run Build Command:"/usr/bin/gmake" "cmTC_022da/fast"]
  ignore line: [/usr/bin/gmake -f CMakeFiles/cmTC_022da.dir/build.make CMakeFiles/cmTC_022da.dir/build]
  ignore line: [gmake[1]: Entering directory `/home/yb/work/geant4/model/build/CMakeFiles/CMakeTmp']
  ignore line: [Building CXX object CMakeFiles/cmTC_022da.dir/CMakeCXXCompilerABI.cpp.o]
  ignore line: [/home/yb/software/sys/GCC/gcc_5.4/bin/c++      -o CMakeFiles/cmTC_022da.dir/CMakeCXXCompilerABI.cpp.o -c /usr/local/share/cmake-3.5/Modules/CMakeCXXCompilerABI.cpp]
  ignore line: [Linking CXX executable cmTC_022da]
  ignore line: [/usr/local/bin/cmake -E cmake_link_script CMakeFiles/cmTC_022da.dir/link.txt --verbose=1]
  ignore line: [/home/yb/software/sys/GCC/gcc_5.4/bin/c++       -v CMakeFiles/cmTC_022da.dir/CMakeCXXCompilerABI.cpp.o  -o cmTC_022da -rdynamic  ]
  ignore line: [Using built-in specs.]
  ignore line: [COLLECT_GCC=/home/yb/software/sys/GCC/gcc_5.4/bin/c++]
  ignore line: [COLLECT_LTO_WRAPPER=/home/yb/software/sys/GCC/gcc_5.4/libexec/gcc/x86_64-unknown-linux-gnu/5.4.0/lto-wrapper]
  ignore line: [Target: x86_64-unknown-linux-gnu]
  ignore line: [Configured with: ../gcc_source/configure --prefix=/home/yb/software/sys/GCC/gcc_5.4 --enable-threads=posix --disable-checking --disable-multilib --enable-languages=c,c++ --with-gmp=/home/yb/software/sys/GMP/gmp6.1 --with-mpfr=/home/yb/software/sys/MPFR/mpfr3.1 --with-mpc=/home/yb/software/sys/MPC/mpc1.0]
  ignore line: [Thread model: posix]
  ignore line: [gcc version 5.4.0 (GCC) ]
  ignore line: [COMPILER_PATH=/home/yb/software/sys/GCC/gcc_5.4/libexec/gcc/x86_64-unknown-linux-gnu/5.4.0/:/home/yb/software/sys/GCC/gcc_5.4/libexec/gcc/x86_64-unknown-linux-gnu/5.4.0/:/home/yb/software/sys/GCC/gcc_5.4/libexec/gcc/x86_64-unknown-linux-gnu/:/home/yb/software/sys/GCC/gcc_5.4/lib/gcc/x86_64-unknown-linux-gnu/5.4.0/:/home/yb/software/sys/GCC/gcc_5.4/lib/gcc/x86_64-unknown-linux-gnu/]
  ignore line: [LIBRARY_PATH=/home/yb/software/sys/GCC/gcc_5.4/lib/gcc/x86_64-unknown-linux-gnu/5.4.0/:/home/yb/software/sys/GCC/gcc_5.4/lib/gcc/x86_64-unknown-linux-gnu/5.4.0/../../../../lib64/:/lib/../lib64/:/usr/lib/../lib64/:/home/yb/software/sys/GCC/gcc_5.4/lib/gcc/x86_64-unknown-linux-gnu/5.4.0/../../../:/lib/:/usr/lib/]
  ignore line: [COLLECT_GCC_OPTIONS='-v' '-o' 'cmTC_022da' '-rdynamic' '-shared-libgcc' '-mtune=generic' '-march=x86-64']
  link line: [ /home/yb/software/sys/GCC/gcc_5.4/libexec/gcc/x86_64-unknown-linux-gnu/5.4.0/collect2 --eh-frame-hdr -m elf_x86_64 -export-dynamic -dynamic-linker /lib64/ld-linux-x86-64.so.2 -o cmTC_022da /usr/lib/../lib64/crt1.o /usr/lib/../lib64/crti.o /home/yb/software/sys/GCC/gcc_5.4/lib/gcc/x86_64-unknown-linux-gnu/5.4.0/crtbegin.o -L/home/yb/software/sys/GCC/gcc_5.4/lib/gcc/x86_64-unknown-linux-gnu/5.4.0 -L/home/yb/software/sys/GCC/gcc_5.4/lib/gcc/x86_64-unknown-linux-gnu/5.4.0/../../../../lib64 -L/lib/../lib64 -L/usr/lib/../lib64 -L/home/yb/software/sys/GCC/gcc_5.4/lib/gcc/x86_64-unknown-linux-gnu/5.4.0/../../.. CMakeFiles/cmTC_022da.dir/CMakeCXXCompilerABI.cpp.o -lstdc++ -lm -lgcc_s -lgcc -lc -lgcc_s -lgcc /home/yb/software/sys/GCC/gcc_5.4/lib/gcc/x86_64-unknown-linux-gnu/5.4.0/crtend.o /usr/lib/../lib64/crtn.o]
    arg [/home/yb/software/sys/GCC/gcc_5.4/libexec/gcc/x86_64-unknown-linux-gnu/5.4.0/collect2] ==> ignore
    arg [--eh-frame-hdr] ==> ignore
    arg [-m] ==> ignore
    arg [elf_x86_64] ==> ignore
    arg [-export-dynamic] ==> ignore
    arg [-dynamic-linker] ==> ignore
    arg [/lib64/ld-linux-x86-64.so.2] ==> ignore
    arg [-o] ==> ignore
    arg [cmTC_022da] ==> ignore
    arg [/usr/lib/../lib64/crt1.o] ==> ignore
    arg [/usr/lib/../lib64/crti.o] ==> ignore
    arg [/home/yb/software/sys/GCC/gcc_5.4/lib/gcc/x86_64-unknown-linux-gnu/5.4.0/crtbegin.o] ==> ignore
    arg [-L/home/yb/software/sys/GCC/gcc_5.4/lib/gcc/x86_64-unknown-linux-gnu/5.4.0] ==> dir [/home/yb/software/sys/GCC/gcc_5.4/lib/gcc/x86_64-unknown-linux-gnu/5.4.0]
    arg [-L/home/yb/software/sys/GCC/gcc_5.4/lib/gcc/x86_64-unknown-linux-gnu/5.4.0/../../../../lib64] ==> dir [/home/yb/software/sys/GCC/gcc_5.4/lib/gcc/x86_64-unknown-linux-gnu/5.4.0/../../../../lib64]
    arg [-L/lib/../lib64] ==> dir [/lib/../lib64]
    arg [-L/usr/lib/../lib64] ==> dir [/usr/lib/../lib64]
    arg [-L/home/yb/software/sys/GCC/gcc_5.4/lib/gcc/x86_64-unknown-linux-gnu/5.4.0/../../..] ==> dir [/home/yb/software/sys/GCC/gcc_5.4/lib/gcc/x86_64-unknown-linux-gnu/5.4.0/../../..]
    arg [CMakeFiles/cmTC_022da.dir/CMakeCXXCompilerABI.cpp.o] ==> ignore
    arg [-lstdc++] ==> lib [stdc++]
    arg [-lm] ==> lib [m]
    arg [-lgcc_s] ==> lib [gcc_s]
    arg [-lgcc] ==> lib [gcc]
    arg [-lc] ==> lib [c]
    arg [-lgcc_s] ==> lib [gcc_s]
    arg [-lgcc] ==> lib [gcc]
    arg [/home/yb/software/sys/GCC/gcc_5.4/lib/gcc/x86_64-unknown-linux-gnu/5.4.0/crtend.o] ==> ignore
    arg [/usr/lib/../lib64/crtn.o] ==> ignore
  remove lib [gcc_s]
  remove lib [gcc]
  remove lib [gcc_s]
  remove lib [gcc]
  collapse library dir [/home/yb/software/sys/GCC/gcc_5.4/lib/gcc/x86_64-unknown-linux-gnu/5.4.0] ==> [/home/yb/software/sys/GCC/gcc_5.4/lib/gcc/x86_64-unknown-linux-gnu/5.4.0]
  collapse library dir [/home/yb/software/sys/GCC/gcc_5.4/lib/gcc/x86_64-unknown-linux-gnu/5.4.0/../../../../lib64] ==> [/home/yb/software/sys/GCC/gcc_5.4/lib64]
  collapse library dir [/lib/../lib64] ==> [/lib64]
  collapse library dir [/usr/lib/../lib64] ==> [/usr/lib64]
  collapse library dir [/home/yb/software/sys/GCC/gcc_5.4/lib/gcc/x86_64-unknown-linux-gnu/5.4.0/../../..] ==> [/home/yb/software/sys/GCC/gcc_5.4/lib]
  implicit libs: [stdc++;m;c]
  implicit dirs: [/home/yb/software/sys/GCC/gcc_5.4/lib/gcc/x86_64-unknown-linux-gnu/5.4.0;/home/yb/software/sys/GCC/gcc_5.4/lib64;/lib64;/usr/lib64;/home/yb/software/sys/GCC/gcc_5.4/lib]
  implicit fwks: []




Detecting CXX [-std=c++14] compiler features compiled with the following output:
Change Dir: /home/yb/work/geant4/model/build/CMakeFiles/CMakeTmp

Run Build Command:"/usr/bin/gmake" "cmTC_13a64/fast"
/usr/bin/gmake -f CMakeFiles/cmTC_13a64.dir/build.make CMakeFiles/cmTC_13a64.dir/build
gmake[1]: Entering directory `/home/yb/work/geant4/model/build/CMakeFiles/CMakeTmp'
Building CXX object CMakeFiles/cmTC_13a64.dir/feature_tests.cxx.o
/home/yb/software/sys/GCC/gcc_5.4/bin/c++     -std=c++14 -o CMakeFiles/cmTC_13a64.dir/feature_tests.cxx.o -c /home/yb/work/geant4/model/build/CMakeFiles/feature_tests.cxx
Linking CXX executable cmTC_13a64
/usr/local/bin/cmake -E cmake_link_script CMakeFiles/cmTC_13a64.dir/link.txt --verbose=1
/home/yb/software/sys/GCC/gcc_5.4/bin/c++        CMakeFiles/cmTC_13a64.dir/feature_tests.cxx.o  -o cmTC_13a64 -rdynamic 
gmake[1]: Leaving directory `/home/yb/work/geant4/model/build/CMakeFiles/CMakeTmp'


    Feature record: CXX_FEATURE:1cxx_aggregate_default_initializers
    Feature record: CXX_FEATURE:1cxx_alias_templates
    Feature record: CXX_FEATURE:1cxx_alignas
    Feature record: CXX_FEATURE:1cxx_alignof
    Feature record: CXX_FEATURE:1cxx_attributes
    Feature record: CXX_FEATURE:1cxx_attribute_deprecated
    Feature record: CXX_FEATURE:1cxx_auto_type
    Feature record: CXX_FEATURE:1cxx_binary_literals
    Feature record: CXX_FEATURE:1cxx_constexpr
    Feature record: CXX_FEATURE:1cxx_contextual_conversions
    Feature record: CXX_FEATURE:1cxx_decltype
    Feature record: CXX_FEATURE:1cxx_decltype_auto
    Feature record: CXX_FEATURE:1cxx_decltype_incomplete_return_types
    Feature record: CXX_FEATURE:1cxx_default_function_template_args
    Feature record: CXX_FEATURE:1cxx_defaulted_functions
    Feature record: CXX_FEATURE:1cxx_defaulted_move_initializers
    Feature record: CXX_FEATURE:1cxx_delegating_constructors
    Feature record: CXX_FEATURE:1cxx_deleted_functions
    Feature record: CXX_FEATURE:1cxx_digit_separators
    Feature record: CXX_FEATURE:1cxx_enum_forward_declarations
    Feature record: CXX_FEATURE:1cxx_explicit_conversions
    Feature record: CXX_FEATURE:1cxx_extended_friend_declarations
    Feature record: CXX_FEATURE:1cxx_extern_templates
    Feature record: CXX_FEATURE:1cxx_final
    Feature record: CXX_FEATURE:1cxx_func_identifier
    Feature record: CXX_FEATURE:1cxx_generalized_initializers
    Feature record: CXX_FEATURE:1cxx_generic_lambdas
    Feature record: CXX_FEATURE:1cxx_inheriting_constructors
    Feature record: CXX_FEATURE:1cxx_inline_namespaces
    Feature record: CXX_FEATURE:1cxx_lambdas
    Feature record: CXX_FEATURE:1cxx_lambda_init_captures
    Feature record: CXX_FEATURE:1cxx_local_type_template_args
    Feature record: CXX_FEATURE:1cxx_long_long_type
    Feature record: CXX_FEATURE:1cxx_noexcept
    Feature record: CXX_FEATURE:1cxx_nonstatic_member_init
    Feature record: CXX_FEATURE:1cxx_nullptr
    Feature record: CXX_FEATURE:1cxx_override
    Feature record: CXX_FEATURE:1cxx_range_for
    Feature record: CXX_FEATURE:1cxx_raw_string_literals
    Feature record: CXX_FEATURE:1cxx_reference_qualified_functions
    Feature record: CXX_FEATURE:1cxx_relaxed_constexpr
    Feature record: CXX_FEATURE:1cxx_return_type_deduction
    Feature record: CXX_FEATURE:1cxx_right_angle_brackets
    Feature record: CXX_FEATURE:1cxx_rvalue_references
    Feature record: CXX_FEATURE:1cxx_sizeof_member
    Feature record: CXX_FEATURE:1cxx_static_assert
    Feature record: CXX_FEATURE:1cxx_strong_enums
    Feature record: CXX_FEATURE:1cxx_template_template_parameters
    Feature record: CXX_FEATURE:1cxx_thread_local
    Feature record: CXX_FEATURE:1cxx_trailing_return_types
    Feature record: CXX_FEATURE:1cxx_unicode_literals
    Feature record: CXX_FEATURE:1cxx_uniform_initialization
    Feature record: CXX_FEATURE:1cxx_unrestricted_unions
    Feature record: CXX_FEATURE:1cxx_user_literals
    Feature record: CXX_FEATURE:1cxx_variable_templates
    Feature record: CXX_FEATURE:1cxx_variadic_macros
    Feature record: CXX_FEATURE:1cxx_variadic_templates


Detecting CXX [-std=c++11] compiler features compiled with the following output:
Change Dir: /home/yb/work/geant4/model/build/CMakeFiles/CMakeTmp

Run Build Command:"/usr/bin/gmake" "cmTC_9dba7/fast"
/usr/bin/gmake -f CMakeFiles/cmTC_9dba7.dir/build.make CMakeFiles/cmTC_9dba7.dir/build
gmake[1]: Entering directory `/home/yb/work/geant4/model/build/CMakeFiles/CMakeTmp'
Building CXX object CMakeFiles/cmTC_9dba7.dir/feature_tests.cxx.o
/home/yb/software/sys/GCC/gcc_5.4/bin/c++     -std=c++11 -o CMakeFiles/cmTC_9dba7.dir/feature_tests.cxx.o -c /home/yb/work/geant4/model/build/CMakeFiles/feature_tests.cxx
Linking CXX executable cmTC_9dba7
/usr/local/bin/cmake -E cmake_link_script CMakeFiles/cmTC_9dba7.dir/link.txt --verbose=1
/home/yb/software/sys/GCC/gcc_5.4/bin/c++        CMakeFiles/cmTC_9dba7.dir/feature_tests.cxx.o  -o cmTC_9dba7 -rdynamic 
gmake[1]: Leaving directory `/home/yb/work/geant4/model/build/CMakeFiles/CMakeTmp'


    Feature record: CXX_FEATURE:0cxx_aggregate_default_initializers
    Feature record: CXX_FEATURE:1cxx_alias_templates
    Feature record: CXX_FEATURE:1cxx_alignas
    Feature record: CXX_FEATURE:1cxx_alignof
    Feature record: CXX_FEATURE:1cxx_attributes
    Feature record: CXX_FEATURE:0cxx_attribute_deprecated
    Feature record: CXX_FEATURE:1cxx_auto_type
    Feature record: CXX_FEATURE:0cxx_binary_literals
    Feature record: CXX_FEATURE:1cxx_constexpr
    Feature record: CXX_FEATURE:0cxx_contextual_conversions
    Feature record: CXX_FEATURE:1cxx_decltype
    Feature record: CXX_FEATURE:0cxx_decltype_auto
    Feature record: CXX_FEATURE:1cxx_decltype_incomplete_return_types
    Feature record: CXX_FEATURE:1cxx_default_function_template_args
    Feature record: CXX_FEATURE:1cxx_defaulted_functions
    Feature record: CXX_FEATURE:1cxx_defaulted_move_initializers
    Feature record: CXX_FEATURE:1cxx_delegating_constructors
    Feature record: CXX_FEATURE:1cxx_deleted_functions
    Feature record: CXX_FEATURE:0cxx_digit_separators
    Feature record: CXX_FEATURE:1cxx_enum_forward_declarations
    Feature record: CXX_FEATURE:1cxx_explicit_conversions
    Feature record: CXX_FEATURE:1cxx_extended_friend_declarations
    Feature record: CXX_FEATURE:1cxx_extern_templates
    Feature record: CXX_FEATURE:1cxx_final
    Feature record: CXX_FEATURE:1cxx_func_identifier
    Feature record: CXX_FEATURE:1cxx_generalized_initializers
    Feature record: CXX_FEATURE:0cxx_generic_lambdas
    Feature record: CXX_FEATURE:1cxx_inheriting_constructors
    Feature record: CXX_FEATURE:1cxx_inline_namespaces
    Feature record: CXX_FEATURE:1cxx_lambdas
    Feature record: CXX_FEATURE:0cxx_lambda_init_captures
    Feature record: CXX_FEATURE:1cxx_local_type_template_args
    Feature record: CXX_FEATURE:1cxx_long_long_type
    Feature record: CXX_FEATURE:1cxx_noexcept
    Feature record: CXX_FEATURE:1cxx_nonstatic_member_init
    Feature record: CXX_FEATURE:1cxx_nullptr
    Feature record: CXX_FEATURE:1cxx_override
    Feature record: CXX_FEATURE:1cxx_range_for
    Feature record: CXX_FEATURE:1cxx_raw_string_literals
    Feature record: CXX_FEATURE:1cxx_reference_qualified_functions
    Feature record: CXX_FEATURE:0cxx_relaxed_constexpr
    Feature record: CXX_FEATURE:0cxx_return_type_deduction
    Feature record: CXX_FEATURE:1cxx_right_angle_brackets
    Feature record: CXX_FEATURE:1cxx_rvalue_references
    Feature record: CXX_FEATURE:1cxx_sizeof_member
    Feature record: CXX_FEATURE:1cxx_static_assert
    Feature record: CXX_FEATURE:1cxx_strong_enums
    Feature record: CXX_FEATURE:1cxx_template_template_parameters
    Feature record: CXX_FEATURE:1cxx_thread_local
    Feature record: CXX_FEATURE:1cxx_trailing_return_types
    Feature record: CXX_FEATURE:1cxx_unicode_literals
    Feature record: CXX_FEATURE:1cxx_uniform_initialization
    Feature record: CXX_FEATURE:1cxx_unrestricted_unions
    Feature record: CXX_FEATURE:1cxx_user_literals
    Feature record: CXX_FEATURE:0cxx_variable_templates
    Feature record: CXX_FEATURE:1cxx_variadic_macros
    Feature record: CXX_FEATURE:1cxx_variadic_templates


Detecting CXX [-std=c++98] compiler features compiled with the following output:
Change Dir: /home/yb/work/geant4/model/build/CMakeFiles/CMakeTmp

Run Build Command:"/usr/bin/gmake" "cmTC_f131e/fast"
/usr/bin/gmake -f CMakeFiles/cmTC_f131e.dir/build.make CMakeFiles/cmTC_f131e.dir/build
gmake[1]: Entering directory `/home/yb/work/geant4/model/build/CMakeFiles/CMakeTmp'
Building CXX object CMakeFiles/cmTC_f131e.dir/feature_tests.cxx.o
/home/yb/software/sys/GCC/gcc_5.4/bin/c++     -std=c++98 -o CMakeFiles/cmTC_f131e.dir/feature_tests.cxx.o -c /home/yb/work/geant4/model/build/CMakeFiles/feature_tests.cxx
Linking CXX executable cmTC_f131e
/usr/local/bin/cmake -E cmake_link_script CMakeFiles/cmTC_f131e.dir/link.txt --verbose=1
/home/yb/software/sys/GCC/gcc_5.4/bin/c++        CMakeFiles/cmTC_f131e.dir/feature_tests.cxx.o  -o cmTC_f131e -rdynamic 
gmake[1]: Leaving directory `/home/yb/work/geant4/model/build/CMakeFiles/CMakeTmp'


    Feature record: CXX_FEATURE:0cxx_aggregate_default_initializers
    Feature record: CXX_FEATURE:0cxx_alias_templates
    Feature record: CXX_FEATURE:0cxx_alignas
    Feature record: CXX_FEATURE:0cxx_alignof
    Feature record: CXX_FEATURE:0cxx_attributes
    Feature record: CXX_FEATURE:0cxx_attribute_deprecated
    Feature record: CXX_FEATURE:0cxx_auto_type
    Feature record: CXX_FEATURE:0cxx_binary_literals
    Feature record: CXX_FEATURE:0cxx_constexpr
    Feature record: CXX_FEATURE:0cxx_contextual_conversions
    Feature record: CXX_FEATURE:0cxx_decltype
    Feature record: CXX_FEATURE:0cxx_decltype_auto
    Feature record: CXX_FEATURE:0cxx_decltype_incomplete_return_types
    Feature record: CXX_FEATURE:0cxx_default_function_template_args
    Feature record: CXX_FEATURE:0cxx_defaulted_functions
    Feature record: CXX_FEATURE:0cxx_defaulted_move_initializers
    Feature record: CXX_FEATURE:0cxx_delegating_constructors
    Feature record: CXX_FEATURE:0cxx_deleted_functions
    Feature record: CXX_FEATURE:0cxx_digit_separators
    Feature record: CXX_FEATURE:0cxx_enum_forward_declarations
    Feature record: CXX_FEATURE:0cxx_explicit_conversions
    Feature record: CXX_FEATURE:0cxx_extended_friend_declarations
    Feature record: CXX_FEATURE:0cxx_extern_templates
    Feature record: CXX_FEATURE:0cxx_final
    Feature record: CXX_FEATURE:0cxx_func_identifier
    Feature record: CXX_FEATURE:0cxx_generalized_initializers
    Feature record: CXX_FEATURE:0cxx_generic_lambdas
    Feature record: CXX_FEATURE:0cxx_inheriting_constructors
    Feature record: CXX_FEATURE:0cxx_inline_namespaces
    Feature record: CXX_FEATURE:0cxx_lambdas
    Feature record: CXX_FEATURE:0cxx_lambda_init_captures
    Feature record: CXX_FEATURE:0cxx_local_type_template_args
    Feature record: CXX_FEATURE:0cxx_long_long_type
    Feature record: CXX_FEATURE:0cxx_noexcept
    Feature record: CXX_FEATURE:0cxx_nonstatic_member_init
    Feature record: CXX_FEATURE:0cxx_nullptr
    Feature record: CXX_FEATURE:0cxx_override
    Feature record: CXX_FEATURE:0cxx_range_for
    Feature record: CXX_FEATURE:0cxx_raw_string_literals
    Feature record: CXX_FEATURE:0cxx_reference_qualified_functions
    Feature record: CXX_FEATURE:0cxx_relaxed_constexpr
    Feature record: CXX_FEATURE:0cxx_return_type_deduction
    Feature record: CXX_FEATURE:0cxx_right_angle_brackets
    Feature record: CXX_FEATURE:0cxx_rvalue_references
    Feature record: CXX_FEATURE:0cxx_sizeof_member
    Feature record: CXX_FEATURE:0cxx_static_assert
    Feature record: CXX_FEATURE:0cxx_strong_enums
    Feature record: CXX_FEATURE:1cxx_template_template_parameters
    Feature record: CXX_FEATURE:0cxx_thread_local
    Feature record: CXX_FEATURE:0cxx_trailing_return_types
    Feature record: CXX_FEATURE:0cxx_unicode_literals
    Feature record: CXX_FEATURE:0cxx_uniform_initialization
    Feature record: CXX_FEATURE:0cxx_unrestricted_unions
    Feature record: CXX_FEATURE:0cxx_user_literals
    Feature record: CXX_FEATURE:0cxx_variable_templates
    Feature record: CXX_FEATURE:0cxx_variadic_macros
    Feature record: CXX_FEATURE:0cxx_variadic_templates
